2025-10-04 18:13:52, MOVE, v:1, k:carro, mode:PICK
2025-10-04 18:13:54, EXEC, v:1, k:carro, mode:FULL, rate:0, size:67
2025-10-04 18:13:58, EXEC, v:1, k:carro, mode:FULL, rate:0
2025-10-04 18:15:33, EXEC, v:1, k:carro, mode:FULL, rate:0, size:67
2025-10-04 18:16:02, EXEC, v:1, k:carro, mode:FULL, rate:0, size:67
2025-10-04 18:16:46, EXEC, v:1, k:carro, mode:FULL, rate:0, size:67
2025-10-04 18:22:34, EXEC, v:1, k:carro, mode:FULL, rate:0
2025-10-04 18:29:08, EXEC, v:1, k:carro, mode:FULL, rate:0, size:67
2025-10-04 18:29:54, EXEC, v:1, k:carro, mode:FULL, rate:10, size:67
2025-10-04 18:33:37, EXEC, v:1, k:carro, mode:FULL, rate:20, size:67
2025-10-04 18:40:36, EXEC, v:1, k:carro, mode:FULL, rate:10, size:68
2025-10-04 18:40:55, EXEC, v:1, k:carro, mode:FULL, rate:10, size:67
2025-10-04 18:41:33, EXEC, v:1, k:carro, mode:FULL, rate:20, size:67
2025-10-04 18:42:40, EXEC, v:1, k:carro, mode:FULL, rate:0, size:67
2025-10-04 18:43:18, EXEC, v:1, k:carro, mode:FULL, rate:20, size:67
2025-10-04 18:43:18, EXEC, v:1, k:carro, mode:FULL, rate:20, size:67
2025-10-04 18:45:56, EXEC, v:1, k:carro, mode:FULL, rate:10, size:67
2025-10-04 18:46:40, EXEC, v:1, k:carro, mode:FULL, rate:0, size:67
2025-10-04 18:46:50, EXEC, v:1, k:carro, mode:FULL, rate:10, size:67
2025-10-04 18:50:04, EXEC, v:1, k:carro, mode:FULL, rate:10, size:67
2025-10-04 18:51:14, EXEC, v:1, k:carro, mode:FULL, rate:10, size:68
2025-10-04 18:55:07, EXEC, v:1, k:carro, mode:FULL, rate:20, size:68
2025-10-04 18:55:42, EXEC, v:1, k:carro, mode:FULL, rate:20, size:68
2025-10-04 18:55:58, EXEC, v:1, k:carro, mode:FULL, rate:40, size:68
2025-10-04 18:56:45, EXEC, v:1, k:carro, mode:FULL, rate:50, size:68
2025-10-04 18:59:05, EXEC, v:1, k:carro, mode:FULL, rate:50, size:68
2025-10-04 19:00:05, EXEC, v:1, k:carro, mode:FULL, rate:50, size:68
2025-10-04 19:03:38, EXEC, v:1, k:carro, mode:FULL, rate:50, size:68
2025-10-04 19:04:38, EXEC, v:1, k:carro, mode:FULL, rate:50, size:68
2025-10-04 19:06:51, EXEC, v:1, k:carro, mode:FULL, rate:0, size:68
2025-10-04 19:08:21, EXEC, v:1, k:carro, mode:FULL, rate:50, size:68
2025-10-04 19:09:11, EXEC, v:1, k:carro, mode:FULL, rate:60, size:68
2025-10-04 19:11:07, EXEC, v:1, k:carro, mode:FULL, rate:60, size:68
2025-10-04 19:11:28, EXEC, v:1, k:carro, mode:FULL, rate:50, size:68
2025-10-04 19:13:39, EXEC, v:1, k:carro, mode:FULL, rate:50, size:69
2025-10-04 19:16:33, EXEC, v:1, k:carro, mode:FULL, rate:50, size:69
2025-10-04 19:18:19, EXEC, v:1, k:carro, mode:FULL, rate:50, size:69
2025-10-04 19:19:33, EXEC, v:1, k:carro, mode:FULL, rate:60, size:69
2025-10-04 19:20:09, EXEC, v:1, k:carro, mode:FULL, rate:60, size:69
2025-10-04 19:20:24, EXEC, v:1, k:carro, mode:FULL, rate:80, size:69
2025-10-04 19:20:45, EXEC, v:1, k:carro, mode:FULL, rate:100, size:69
2025-10-04 19:23:44, EXEC, v:1, k:carro, mode:FULL, rate:100, size:68
2025-10-04 19:23:46, EXEC, v:1, k:carro, mode:FULL, rate:100
2025-10-04 19:23:47, EXEC, v:1, k:carro, mode:FULL, rate:100
2025-10-04 19:23:48, EXEC, v:1, k:carro, mode:FULL, rate:100
2025-10-04 19:23:49, EXEC, v:1, k:carro, mode:FULL, rate:100
2025-10-04 19:23:49, EXEC, v:1, k:carro, mode:FULL, rate:100
2025-10-04 19:23:49, EXEC, v:1, k:carro, mode:FULL, rate:100
2025-10-04 19:23:50, EXEC, v:1, k:carro, mode:FULL, rate:100
2025-10-04 19:23:50, EXEC, v:1, k:carro, mode:FULL, rate:100
2025-10-04 19:23:51, EXEC, v:1, k:carro, mode:FULL, rate:100
2025-10-04 19:23:54, EXEC, v:1, k:carro, mode:FULL, rate:100
2025-10-04 19:32:34, SELF, v:1, k:carro, human:sim_amigas, iagen:sim_duvidas_e_incertezas_se_funcionaria, guide:nao, other:nao, alone:4, study:250
2025-10-04 19:32:56, MOVE, v:1, k:animal, mode:PICK
2025-10-04 19:32:58, EXEC, v:1, k:animal, mode:FULL, rate:100
2025-10-04 19:33:22, MOVE, v:1, k:enxugar, mode:PICK
2025-10-04 19:33:24, EXEC, v:1, k:enxugar, mode:FULL, rate:30
2025-10-04 19:33:26, EXEC, v:1, k:enxugar, mode:FULL, rate:30
2025-10-04 22:02:24, MOVE, v:1, k:enxugar, mode:PICK
2025-10-04 22:02:26, EXEC, v:1, k:enxugar, mode:FULL, rate:40, size:53
2025-10-04 22:02:57, EXEC, v:1, k:enxugar, mode:FULL, rate:50, size:53
2025-10-04 22:08:27, EXEC, v:1, k:enxugar, mode:FULL, rate:100, size:56
2025-10-04 22:12:54, MOVE, v:1, k:toalha, mode:PICK
2025-10-04 22:21:42, EXEC, v:1, k:toalha, mode:LOCK, rate:0, size:85
2025-10-04 22:21:43, EXEC, v:1, k:toalha, mode:LOCK, rate:0
2025-10-04 22:22:04, MOVE, v:1, k:toalha, mode:PICK
2025-10-04 22:22:05, EXEC, v:1, k:toalha, mode:LOCK, rate:0
2025-10-04 22:22:07, EXEC, v:1, k:toalha, mode:LOCK, rate:0
2025-10-04 22:22:58, EXEC, v:1, k:toalha, mode:LOCK, rate:0
2025-10-04 22:24:34, EXEC, v:1, k:toalha, mode:FREE
