2025-10-05 00:18:09, MOVE, v:1, k:calculadora, mode:PICK
2025-10-05 00:18:10, EXEC, v:1, k:calculadora, mode:FULL, rate:0, size:63
2025-10-05 00:18:12, EXEC, v:1, k:calculadora, mode:FULL, rate:0
2025-10-05 00:22:21, EXEC, v:1, k:calculadora, mode:FULL, rate:0, size:66
2025-10-05 00:22:39, EXEC, v:1, k:calculadora, mode:FULL, rate:0, size:66
2025-10-05 00:22:52, EXEC, v:1, k:calculadora, mode:FULL, rate:0, size:66
2025-10-05 00:23:03, EXEC, v:1, k:calculadora, mode:FULL, rate:0, size:66
2025-10-05 00:24:53, EXEC, v:1, k:calculadora, mode:FULL, rate:0, size:66
2025-10-05 00:26:06, EXEC, v:1, k:calculadora, mode:FULL, rate:9, size:66
2025-10-05 00:27:42, EXEC, v:1, k:calculadora, mode:FULL, rate:9, size:66
2025-10-05 00:34:21, EXEC, v:1, k:calculadora, mode:FULL, rate:0, size:66
2025-10-05 00:35:16, EXEC, v:1, k:calculadora, mode:FULL, rate:0, size:68
2025-10-05 00:40:32, EXEC, v:1, k:calculadora, mode:FULL, rate:36, size:68
2025-10-05 00:42:15, EXEC, v:1, k:calculadora, mode:FULL, rate:36, size:68
2025-10-05 00:43:46, EXEC, v:1, k:calculadora, mode:FULL, rate:36, size:68
2025-10-05 00:45:31, EXEC, v:1, k:calculadora, mode:FULL, rate:72, size:69
2025-10-05 00:47:08, EXEC, v:1, k:calculadora, mode:FULL, rate:81, size:69
2025-10-05 00:50:40, EXEC, v:1, k:calculadora, mode:FULL, rate:81, size:70
2025-10-05 00:52:03, EXEC, v:1, k:calculadora, mode:FULL, rate:100, size:70
2025-10-05 00:52:10, EXEC, v:1, k:calculadora, mode:FULL, rate:100
2025-10-05 00:52:30, EXEC, v:1, k:calculadora, mode:FULL, rate:100, size:69
2025-10-05 18:13:44, MOVE, v:1, k:enxugar, mode:PICK
2025-10-05 18:13:45, EXEC, v:1, k:enxugar, mode:FULL, rate:20, size:59
2025-10-05 18:13:48, EXEC, v:1, k:enxugar, mode:FULL, rate:20
2025-10-05 18:14:21, EXEC, v:1, k:enxugar, mode:FULL, rate:20, size:59
2025-10-05 18:14:22, EXEC, v:1, k:enxugar, mode:FULL, rate:20
2025-10-05 18:17:40, EXEC, v:1, k:enxugar, mode:FULL, rate:20, size:59
2025-10-05 18:17:44, EXEC, v:1, k:enxugar, mode:FULL, rate:50, size:59
2025-10-05 18:20:38, EXEC, v:1, k:enxugar, mode:FULL, rate:80, size:59
2025-10-05 18:20:39, EXEC, v:1, k:enxugar, mode:FULL, rate:100
2025-10-05 18:29:04, SELF, v:1, k:enxugar, human:nao_refiz_novamente_sozinha, iagen:sim_tirar_duvidas_de_logica, guide:sim_para_entender_a_estrutura, other:nao, alone:8, study:88
2025-10-05 19:28:16, MOVE, v:1, k:animal, mode:PICK
2025-10-05 19:28:18, EXEC, v:1, k:animal, mode:FULL, rate:0, size:54
2025-10-05 19:28:20, EXEC, v:1, k:animal, mode:FULL, rate:0
2025-10-05 19:30:19, EXEC, v:1, k:animal, mode:FULL, rate:50, size:54
2025-10-05 19:31:00, EXEC, v:1, k:animal, mode:FULL, rate:50, size:54
2025-10-05 19:32:21, EXEC, v:1, k:animal, mode:FULL, rate:100, size:54
2025-10-05 19:36:35, SELF, v:1, k:animal, rate:100, human:nao_refiz_sozinha_de_outra_forma, iagen:sim_para_tirar_duvidas, guide:nao, other:sim_anotacoes_de_estrtura_de_outras_atividades, alone:9, study:42
2025-10-05 20:26:05, MOVE, v:1, k:carro, mode:PICK
2025-10-05 20:26:07, EXEC, v:1, k:carro, mode:FULL, rate:0, size:71
2025-10-05 20:26:08, EXEC, v:1, k:carro, mode:FULL, rate:0
2025-10-05 20:28:10, EXEC, v:1, k:carro, mode:FULL, rate:0, size:71
2025-10-05 20:28:11, EXEC, v:1, k:carro, mode:FULL, rate:0
2025-10-05 20:31:38, EXEC, v:1, k:carro, mode:FULL, rate:0, size:71
2025-10-05 20:31:41, EXEC, v:1, k:carro, mode:FULL, rate:0
2025-10-05 20:32:53, EXEC, v:1, k:carro, mode:FULL, rate:20, size:71
2025-10-05 20:34:04, EXEC, v:1, k:carro, mode:FULL, rate:50, size:71
2025-10-05 20:36:18, EXEC, v:1, k:carro, mode:FULL, rate:60, size:73
2025-10-05 20:36:53, EXEC, v:1, k:carro, mode:FULL, rate:100, size:73
2025-10-05 20:39:54, SELF, v:1, k:carro, human:nao_refiz_sozinha_aplicando_logica_diferente, iagen:sim_duvidas_em_relacao_a_logica, guide:nao, other:sim_anotacoes, alone:7, study:55
2025-10-05 21:00:37, MOVE, v:1, k:calculadora, mode:PICK
2025-10-05 21:00:38, EXEC, v:1, k:calculadora, mode:FULL, rate:0, size:75
2025-10-05 21:00:39, EXEC, v:1, k:calculadora, mode:FULL, rate:0
2025-10-05 21:01:20, EXEC, v:1, k:calculadora, mode:FULL, rate:0, size:75
2025-10-05 21:02:53, EXEC, v:1, k:calculadora, mode:FULL, rate:9, size:75
2025-10-05 21:03:56, EXEC, v:1, k:calculadora, mode:FULL, rate:9, size:75
2025-10-05 21:05:03, EXEC, v:1, k:calculadora, mode:FULL, rate:9, size:74
2025-10-05 21:08:58, EXEC, v:1, k:calculadora, mode:FULL, rate:100, size:74
2025-10-05 21:12:53, SELF, v:1, k:calculadora, human:nao_refiz_boa_parte_sozinha, iagen:sim_duvidas_na_logica, guide:nao, other:sim_anotacoes, alone:6, study:40
2025-10-05 21:14:12, SELF, v:1, k:toalha, human:nao_refiz_sozinha, iagen:nao, guide:sim_video_aula, other:sim_anotacoes, alone:9, study:120
